app/build/intermediates/manifest_merge_blame_file/debug/manifest-merger-blame-debug-report.txt
1<?xml version="1.0" encoding="utf-8"?>
2<manifest xmlns:android="http://schemas.android.com/apk/res/android"
3    package="com.eeparking.sun"
4    android:versionCode="1"
5    android:versionName="1.0" >
6
7    <uses-sdk
8        android:minSdkVersion="16"
8-->src/main/AndroidManifest.xml
9        android:targetSdkVersion="29" />
9-->src/main/AndroidManifest.xml
10
11    <application
11-->src/main/AndroidManifest.xml:5:5-19:19
12        android:allowBackup="true"
12-->src/main/AndroidManifest.xml:6:9-35
13        android:appComponentFactory="androidx.core.app.CoreComponentFactory"
13-->[androidx.core:core:1.3.0-rc01] AndroidManifest.xml:24:18-86
14        android:debuggable="true"
15        android:icon="@mipmap/ic_launcher"
15-->src/main/AndroidManifest.xml:7:9-43
16        android:label="@string/app_name"
16-->src/main/AndroidManifest.xml:8:9-41
17        android:roundIcon="@mipmap/ic_launcher_round"
17-->src/main/AndroidManifest.xml:9:9-54
18        android:supportsRtl="true"
18-->src/main/AndroidManifest.xml:10:9-35
19        android:theme="@style/Theme.Sunflower" >
19-->src/main/AndroidManifest.xml:11:9-47
20        <activity android:name="com.eeparking.sun.GardenActivity" >
20-->src/main/AndroidManifest.xml:12:9-18:20
20-->src/main/AndroidManifest.xml:12:19-49
21            <intent-filter>
21-->src/main/AndroidManifest.xml:13:13-17:29
22                <action android:name="android.intent.action.MAIN" />
22-->src/main/AndroidManifest.xml:14:17-69
22-->src/main/AndroidManifest.xml:14:25-66
23
24                <category android:name="android.intent.category.LAUNCHER" />
24-->src/main/AndroidManifest.xml:16:17-77
24-->src/main/AndroidManifest.xml:16:27-74
25            </intent-filter>
26        </activity>
27
28        <service
28-->[androidx.room:room-runtime:2.2.5] AndroidManifest.xml:25:9-28:40
29            android:name="androidx.room.MultiInstanceInvalidationService"
29-->[androidx.room:room-runtime:2.2.5] AndroidManifest.xml:26:13-74
30            android:directBootAware="true"
30-->[androidx.room:room-runtime:2.2.5] AndroidManifest.xml:27:13-43
31            android:exported="false" />
31-->[androidx.room:room-runtime:2.2.5] AndroidManifest.xml:28:13-37
32
33        <provider
33-->[androidx.lifecycle:lifecycle-process:2.2.0] AndroidManifest.xml:25:9-29:43
34            android:name="androidx.lifecycle.ProcessLifecycleOwnerInitializer"
34-->[androidx.lifecycle:lifecycle-process:2.2.0] AndroidManifest.xml:26:13-79
35            android:authorities="com.eeparking.sun.lifecycle-process"
35-->[androidx.lifecycle:lifecycle-process:2.2.0] AndroidManifest.xml:27:13-69
36            android:exported="false"
36-->[androidx.lifecycle:lifecycle-process:2.2.0] AndroidManifest.xml:28:13-37
37            android:multiprocess="true" />
37-->[androidx.lifecycle:lifecycle-process:2.2.0] AndroidManifest.xml:29:13-40
38    </application>
39
40</manifest>